# Logfile created on 2014-01-16 19:50:52 +0000 by logger.rb/41954
I, [2014-01-16T19:50:52.443145 #1541]  INFO -- : 0:  rake (10.1.1) from /home/travis/.rvm/gems/ruby-2.0.0-p353/specifications/rake-10.1.1.gemspec
I, [2014-01-16T19:50:53.348116 #1541]  INFO -- : 0:  builder (3.2.2) from /home/travis/.rvm/gems/ruby-2.0.0-p353/specifications/builder-3.2.2.gemspec
I, [2014-01-16T19:50:54.592862 #1541]  INFO -- : 0:  coderay (1.1.0) from /home/travis/.rvm/gems/ruby-2.0.0-p353/specifications/coderay-1.1.0.gemspec
I, [2014-01-16T19:50:55.484497 #1541]  INFO -- : 0:  diff-lcs (1.2.5) from /home/travis/.rvm/gems/ruby-2.0.0-p353/specifications/diff-lcs-1.2.5.gemspec
I, [2014-01-16T19:50:56.228800 #1541]  INFO -- : 0:  docile (1.1.2) from /home/travis/.rvm/gems/ruby-2.0.0-p353/specifications/docile-1.1.2.gemspec
I, [2014-01-16T19:50:56.762561 #1541]  INFO -- : 0:  excon (0.31.0) from /home/travis/.rvm/gems/ruby-2.0.0-p353/specifications/excon-0.31.0.gemspec
I, [2014-01-16T19:50:58.276638 #1541]  INFO -- : 0:  facter (1.7.4) from /home/travis/.rvm/gems/ruby-2.0.0-p353/specifications/facter-1.7.4.gemspec
I, [2014-01-16T19:50:58.756906 #1541]  INFO -- : 0:  formatador (0.2.4) from /home/travis/.rvm/gems/ruby-2.0.0-p353/specifications/formatador-0.2.4.gemspec
I, [2014-01-16T19:50:59.741002 #1541]  INFO -- : 0:  mime-types (1.25.1) from /home/travis/.rvm/gems/ruby-2.0.0-p353/specifications/mime-types-1.25.1.gemspec
I, [2014-01-16T19:51:00.276267 #1541]  INFO -- : 0:  multi_json (1.8.4) from /home/travis/.rvm/gems/ruby-2.0.0-p353/specifications/multi_json-1.8.4.gemspec
I, [2014-01-16T19:51:01.507891 #1541]  INFO -- : 0:  net-ssh (2.7.0) from /home/travis/.rvm/gems/ruby-2.0.0-p353/specifications/net-ssh-2.7.0.gemspec
I, [2014-01-16T19:51:01.894405 #1541]  INFO -- : 0:  net-scp (1.1.2) from /home/travis/.rvm/gems/ruby-2.0.0-p353/specifications/net-scp-1.1.2.gemspec
I, [2014-01-16T19:51:12.231181 #1541]  INFO -- : 0:  nokogiri (1.5.11) from /home/travis/.rvm/gems/ruby-2.0.0-p353/specifications/nokogiri-1.5.11.gemspec
I, [2014-01-16T19:51:12.633183 #1541]  INFO -- : 0:  ruby-hmac (0.4.0) from /home/travis/.rvm/gems/ruby-2.0.0-p353/specifications/ruby-hmac-0.4.0.gemspec
I, [2014-01-16T19:51:17.284354 #1541]  INFO -- : 0:  fog (1.19.0) from /home/travis/.rvm/gems/ruby-2.0.0-p353/specifications/fog-1.19.0.gemspec
I, [2014-01-16T19:51:17.970946 #1541]  INFO -- : 0:  json_pure (1.8.1) from /home/travis/.rvm/gems/ruby-2.0.0-p353/specifications/json_pure-1.8.1.gemspec
I, [2014-01-16T19:51:18.422365 #1541]  INFO -- : 0:  hiera (1.3.0) from /home/travis/.rvm/gems/ruby-2.0.0-p353/specifications/hiera-1.3.0.gemspec
I, [2014-01-16T19:51:19.688253 #1541]  INFO -- : 0:  highline (1.6.20) from /home/travis/.rvm/gems/ruby-2.0.0-p353/specifications/highline-1.6.20.gemspec
I, [2014-01-16T19:51:20.439792 #1541]  INFO -- : 0:  kwalify (0.7.2) from /home/travis/.rvm/gems/ruby-2.0.0-p353/specifications/kwalify-0.7.2.gemspec
I, [2014-01-16T19:51:21.023138 #1541]  INFO -- : 0:  metaclass (0.0.2) from /home/travis/.rvm/gems/ruby-2.0.0-p353/specifications/metaclass-0.0.2.gemspec
I, [2014-01-16T19:51:21.754283 #1541]  INFO -- : 0:  method_source (0.8.2) from /home/travis/.rvm/gems/ruby-2.0.0-p353/specifications/method_source-0.8.2.gemspec
I, [2014-01-16T19:51:22.854703 #1541]  INFO -- : 0:  mocha (1.0.0) from /home/travis/.rvm/gems/ruby-2.0.0-p353/specifications/mocha-1.0.0.gemspec
I, [2014-01-16T19:51:23.659377 #1541]  INFO -- : 0:  slop (3.4.7) from /home/travis/.rvm/gems/ruby-2.0.0-p353/specifications/slop-3.4.7.gemspec
I, [2014-01-16T19:51:25.023542 #1541]  INFO -- : 0:  pry (0.9.12.4) from /home/travis/.rvm/gems/ruby-2.0.0-p353/specifications/pry-0.9.12.4.gemspec
I, [2014-01-16T19:51:26.589424 #1541]  INFO -- : 0:  rgen (0.6.6) from /home/travis/.rvm/gems/ruby-2.0.0-p353/specifications/rgen-0.6.6.gemspec
I, [2014-01-16T19:51:29.626710 #1541]  INFO -- : 0:  puppet (3.4.2) from /home/travis/.rvm/gems/ruby-2.0.0-p353/specifications/puppet-3.4.2.gemspec
I, [2014-01-16T19:51:30.042111 #1541]  INFO -- : 0:  puppet-lint (0.3.2) from /home/travis/.rvm/gems/ruby-2.0.0-p353/specifications/puppet-lint-0.3.2.gemspec
I, [2014-01-16T19:51:31.309423 #1541]  INFO -- : 0:  rspec-core (2.14.7) from /home/travis/.rvm/gems/ruby-2.0.0-p353/specifications/rspec-core-2.14.7.gemspec
I, [2014-01-16T19:51:31.804102 #1541]  INFO -- : 0:  rspec-expectations (2.14.4) from /home/travis/.rvm/gems/ruby-2.0.0-p353/specifications/rspec-expectations-2.14.4.gemspec
I, [2014-01-16T19:51:32.888165 #1541]  INFO -- : 0:  rspec-mocks (2.14.4) from /home/travis/.rvm/gems/ruby-2.0.0-p353/specifications/rspec-mocks-2.14.4.gemspec
I, [2014-01-16T19:51:33.280818 #1541]  INFO -- : 0:  rspec (2.14.1) from /home/travis/.rvm/gems/ruby-2.0.0-p353/specifications/rspec-2.14.1.gemspec
I, [2014-01-16T19:51:34.076919 #1541]  INFO -- : 0:  rspec-puppet (1.0.1) from /home/travis/.rvm/gems/ruby-2.0.0-p353/specifications/rspec-puppet-1.0.1.gemspec
I, [2014-01-16T19:51:34.744980 #1541]  INFO -- : 0:  puppetlabs_spec_helper (0.4.1) from /home/travis/.rvm/gems/ruby-2.0.0-p353/specifications/puppetlabs_spec_helper-0.4.1.gemspec
I, [2014-01-16T19:51:35.135985 #1541]  INFO -- : 0:  trollop (2.0) from /home/travis/.rvm/gems/ruby-2.0.0-p353/specifications/trollop-2.0.gemspec
I, [2014-01-16T19:51:36.501254 #1541]  INFO -- : 0:  rbvmomi (1.8.1) from /home/travis/.rvm/gems/ruby-2.0.0-p353/specifications/rbvmomi-1.8.1.gemspec
I, [2014-01-16T19:51:36.876901 #1541]  INFO -- : 0:  systemu (2.6.0) from /home/travis/.rvm/gems/ruby-2.0.0-p353/specifications/systemu-2.6.0.gemspec
I, [2014-01-16T19:51:37.765093 #1541]  INFO -- : 0:  rspec-system (2.8.0) from /home/travis/.rvm/gems/ruby-2.0.0-p353/specifications/rspec-system-2.8.0.gemspec
I, [2014-01-16T19:51:38.492579 #1541]  INFO -- : 0:  rspec-system-puppet (2.2.1) from /home/travis/.rvm/gems/ruby-2.0.0-p353/specifications/rspec-system-puppet-2.2.1.gemspec
I, [2014-01-16T19:51:39.334548 #1541]  INFO -- : 0:  specinfra (0.4.1) from /home/travis/.rvm/gems/ruby-2.0.0-p353/specifications/specinfra-0.4.1.gemspec
I, [2014-01-16T19:51:40.458964 #1541]  INFO -- : 0:  serverspec (0.14.3) from /home/travis/.rvm/gems/ruby-2.0.0-p353/specifications/serverspec-0.14.3.gemspec
I, [2014-01-16T19:51:41.103035 #1541]  INFO -- : 0:  rspec-system-serverspec (2.0.1) from /home/travis/.rvm/gems/ruby-2.0.0-p353/specifications/rspec-system-serverspec-2.0.1.gemspec
I, [2014-01-16T19:51:42.226455 #1541]  INFO -- : 0:  simplecov-html (0.8.0) from /home/travis/.rvm/gems/ruby-2.0.0-p353/specifications/simplecov-html-0.8.0.gemspec
I, [2014-01-16T19:51:43.065122 #1541]  INFO -- : 0:  simplecov (0.8.2) from /home/travis/.rvm/gems/ruby-2.0.0-p353/specifications/simplecov-0.8.2.gemspec
I, [2014-01-16T19:51:43.065621 #1541]  INFO -- : 0:  bundler (1.5.1) from /home/travis/.rvm/gems/ruby-2.0.0-p353/specifications/bundler-1.5.1.gemspec
